<?xml version="1.0" encoding="UTF-8"?>
<testng-results skipped="0" failed="0" ignored="0" total="2" passed="2">
  <reporter-output>
  </reporter-output>
  <suite name="Default suite" duration-ms="12058" started-at="2018-08-02T13:51:25Z" finished-at="2018-08-02T13:51:37Z">
    <groups>
    </groups>
    <test name="Default test" duration-ms="12058" started-at="2018-08-02T13:51:25Z" finished-at="2018-08-02T13:51:37Z">
      <class name="tests.HomePageTest">
        <test-method status="PASS" signature="init()[pri:0, instance:tests.HomePageTest@4501b7af]" name="init" is-config="true" duration-ms="10767" started-at="2018-08-02T16:51:25Z" finished-at="2018-08-02T16:51:36Z">
          <reporter-output>
          </reporter-output>
        </test-method> <!-- init -->
        <test-method status="PASS" signature="testFindBy()[pri:0, instance:tests.HomePageTest@4501b7af]" name="testFindBy" duration-ms="121" started-at="2018-08-02T16:51:36Z" finished-at="2018-08-02T16:51:36Z">
          <reporter-output>
          </reporter-output>
        </test-method> <!-- testFindBy -->
        <test-method status="PASS" signature="testHomePage()[pri:0, instance:tests.HomePageTest@4501b7af]" name="testHomePage" duration-ms="529" started-at="2018-08-02T16:51:36Z" finished-at="2018-08-02T16:51:36Z">
          <reporter-output>
          </reporter-output>
        </test-method> <!-- testHomePage -->
        <test-method status="PASS" signature="tearDown()[pri:0, instance:tests.HomePageTest@4501b7af]" name="tearDown" is-config="true" duration-ms="625" started-at="2018-08-02T16:51:36Z" finished-at="2018-08-02T16:51:37Z">
          <reporter-output>
          </reporter-output>
        </test-method> <!-- tearDown -->
      </class> <!-- tests.HomePageTest -->
    </test> <!-- Default test -->
  </suite> <!-- Default suite -->
</testng-results>
