<?xml version="1.0" encoding="UTF-8"?>
<testng-results skipped="0" failed="0" ignored="0" total="1" passed="1">
  <reporter-output>
  </reporter-output>
  <suite name="Default suite" duration-ms="11118" started-at="2018-08-02T13:41:25Z" finished-at="2018-08-02T13:41:36Z">
    <groups>
    </groups>
    <test name="Default test" duration-ms="11118" started-at="2018-08-02T13:41:25Z" finished-at="2018-08-02T13:41:36Z">
      <class name="tests.HomePageTest">
        <test-method status="PASS" signature="init()[pri:0, instance:tests.HomePageTest@4501b7af]" name="init" is-config="true" duration-ms="2341" started-at="2018-08-02T16:41:25Z" finished-at="2018-08-02T16:41:27Z">
          <reporter-output>
          </reporter-output>
        </test-method> <!-- init -->
        <test-method status="PASS" signature="testHomePage()[pri:0, instance:tests.HomePageTest@4501b7af]" name="testHomePage" duration-ms="8137" started-at="2018-08-02T16:41:27Z" finished-at="2018-08-02T16:41:35Z">
          <reporter-output>
          </reporter-output>
        </test-method> <!-- testHomePage -->
        <test-method status="PASS" signature="tearDown()[pri:0, instance:tests.HomePageTest@4501b7af]" name="tearDown" is-config="true" duration-ms="639" started-at="2018-08-02T16:41:35Z" finished-at="2018-08-02T16:41:36Z">
          <reporter-output>
          </reporter-output>
        </test-method> <!-- tearDown -->
      </class> <!-- tests.HomePageTest -->
    </test> <!-- Default test -->
  </suite> <!-- Default suite -->
</testng-results>
